<?xml version="1.0" encoding="UTF-8"?>
<coverage generated="1683665671205" clover="3.2.0">
  <project timestamp="1683665671205" name="All files">
    <metrics statements="30" coveredstatements="12" conditionals="12" coveredconditionals="1" methods="16" coveredmethods="5" elements="58" coveredelements="18" complexity="0" loc="30" ncloc="30" packages="2" files="9" classes="9"/>
    <package name="src">
      <metrics statements="10" coveredstatements="2" conditionals="8" coveredconditionals="0" methods="4" coveredmethods="1"/>
      <file name="App.js" path="/workspace/MRA_frontend/groupproject/src/App.js">
        <metrics statements="2" coveredstatements="2" conditionals="0" coveredconditionals="0" methods="1" coveredmethods="1"/>
        <line num="7" count="2" type="stmt"/>
        <line num="8" count="1" type="stmt"/>
      </file>
      <file name="index.js" path="/workspace/MRA_frontend/groupproject/src/index.js">
        <metrics statements="8" coveredstatements="0" conditionals="8" coveredconditionals="0" methods="3" coveredmethods="0"/>
        <line num="9" count="0" type="stmt"/>
        <line num="10" count="0" type="stmt"/>
        <line num="12" count="0" type="stmt"/>
        <line num="13" count="0" type="cond" truecount="0" falsecount="4"/>
        <line num="14" count="0" type="stmt"/>
        <line num="15" count="0" type="stmt"/>
        <line num="24" count="0" type="stmt"/>
        <line num="25" count="0" type="stmt"/>
      </file>
    </package>
    <package name="src.components">
      <metrics statements="20" coveredstatements="10" conditionals="4" coveredconditionals="1" methods="12" coveredmethods="4"/>
      <file name="Card.jsx" path="/workspace/MRA_frontend/groupproject/src/components/Card.jsx">
        <metrics statements="2" coveredstatements="0" conditionals="0" coveredconditionals="0" methods="1" coveredmethods="0"/>
        <line num="4" count="0" type="stmt"/>
        <line num="6" count="0" type="stmt"/>
      </file>
      <file name="CardList.jsx" path="/workspace/MRA_frontend/groupproject/src/components/CardList.jsx">
        <metrics statements="6" coveredstatements="4" conditionals="2" coveredconditionals="1" methods="2" coveredmethods="1"/>
        <line num="5" count="2" type="stmt"/>
        <line num="7" count="2" type="stmt"/>
        <line num="8" count="2" type="cond" truecount="1" falsecount="1"/>
        <line num="9" count="0" type="stmt"/>
        <line num="10" count="0" type="stmt"/>
        <line num="15" count="2" type="stmt"/>
      </file>
      <file name="Content.jsx" path="/workspace/MRA_frontend/groupproject/src/components/Content.jsx">
        <metrics statements="6" coveredstatements="3" conditionals="0" coveredconditionals="0" methods="4" coveredmethods="1"/>
        <line num="9" count="4" type="stmt"/>
        <line num="10" count="2" type="stmt"/>
        <line num="12" count="0" type="stmt"/>
        <line num="14" count="0" type="stmt"/>
        <line num="16" count="0" type="stmt"/>
        <line num="19" count="2" type="stmt"/>
      </file>
      <file name="DarkTheme.js" path="/workspace/MRA_frontend/groupproject/src/components/DarkTheme.js">
        <metrics statements="1" coveredstatements="0" conditionals="0" coveredconditionals="0" methods="1" coveredmethods="0"/>
        <line num="4" count="0" type="stmt"/>
      </file>
      <file name="Footer.jsx" path="/workspace/MRA_frontend/groupproject/src/components/Footer.jsx">
        <metrics statements="2" coveredstatements="2" conditionals="0" coveredconditionals="0" methods="1" coveredmethods="1"/>
        <line num="4" count="1" type="stmt"/>
        <line num="5" count="1" type="stmt"/>
      </file>
      <file name="LightTheme.js" path="/workspace/MRA_frontend/groupproject/src/components/LightTheme.js">
        <metrics statements="1" coveredstatements="0" conditionals="0" coveredconditionals="0" methods="1" coveredmethods="0"/>
        <line num="4" count="0" type="stmt"/>
      </file>
      <file name="Top.jsx" path="/workspace/MRA_frontend/groupproject/src/components/Top.jsx">
        <metrics statements="2" coveredstatements="1" conditionals="2" coveredconditionals="0" methods="2" coveredmethods="1"/>
        <line num="5" count="1" type="stmt"/>
        <line num="19" count="0" type="cond" truecount="0" falsecount="2"/>
      </file>
    </package>
  </project>
</coverage>
