{"/workspace/MRA_frontend/groupproject/src/App.js": {"path":"/workspace/MRA_frontend/groupproject/src/App.js","statementMap":{"0":{"start":{"line":7,"column":26},"end":{"line":7,"column":38}},"1":{"start":{"line":8,"column":2},"end":{"line":14,"column":4}}},"fnMap":{"0":{"name":"App","decl":{"start":{"line":6,"column":9},"end":{"line":6,"column":12}},"loc":{"start":{"line":6,"column":15},"end":{"line":15,"column":1}},"line":6}},"branchMap":{},"s":{"0":2,"1":1},"f":{"0":2},"b":{},"_coverageSchema":"1a1c01bbd47fc00a2c39e90264f33305004495a9","hash":"0082f70281066eef83dbca35e4f8c9106c2065c0"}
,"/workspace/MRA_frontend/groupproject/src/index.js": {"path":"/workspace/MRA_frontend/groupproject/src/index.js","statementMap":{"0":{"start":{"line":9,"column":19},"end":{"line":9,"column":70}},"1":{"start":{"line":9,"column":36},"end":{"line":9,"column":69}},"2":{"start":{"line":10,"column":18},"end":{"line":10,"column":68}},"3":{"start":{"line":10,"column":35},"end":{"line":10,"column":67}},"4":{"start":{"line":12,"column":22},"end":{"line":22,"column":1}},"5":{"start":{"line":13,"column":16},"end":{"line":13,"column":156}},"6":{"start":{"line":14,"column":2},"end":{"line":14,"column":38}},"7":{"start":{"line":15,"column":2},"end":{"line":21,"column":3}},"8":{"start":{"line":24,"column":13},"end":{"line":24,"column":65}},"9":{"start":{"line":25,"column":0},"end":{"line":31,"column":2}}},"fnMap":{"0":{"name":"(anonymous_0)","decl":{"start":{"line":9,"column":30},"end":{"line":9,"column":31}},"loc":{"start":{"line":9,"column":36},"end":{"line":9,"column":69}},"line":9},"1":{"name":"(anonymous_1)","decl":{"start":{"line":10,"column":29},"end":{"line":10,"column":30}},"loc":{"start":{"line":10,"column":35},"end":{"line":10,"column":67}},"line":10},"2":{"name":"(anonymous_2)","decl":{"start":{"line":12,"column":22},"end":{"line":12,"column":23}},"loc":{"start":{"line":12,"column":38},"end":{"line":22,"column":1}},"line":12}},"branchMap":{"0":{"loc":{"start":{"line":13,"column":16},"end":{"line":13,"column":156}},"type":"cond-expr","locations":[{"start":{"line":13,"column":48},"end":{"line":13,"column":77}},{"start":{"line":13,"column":80},"end":{"line":13,"column":156}}],"line":13},"1":{"loc":{"start":{"line":13,"column":80},"end":{"line":13,"column":156}},"type":"cond-expr","locations":[{"start":{"line":13,"column":140},"end":{"line":13,"column":146}},{"start":{"line":13,"column":149},"end":{"line":13,"column":156}}],"line":13},"2":{"loc":{"start":{"line":17,"column":7},"end":{"line":17,"column":40}},"type":"binary-expr","locations":[{"start":{"line":17,"column":7},"end":{"line":17,"column":23}},{"start":{"line":17,"column":27},"end":{"line":17,"column":40}}],"line":17},"3":{"loc":{"start":{"line":18,"column":7},"end":{"line":18,"column":42}},"type":"binary-expr","locations":[{"start":{"line":18,"column":7},"end":{"line":18,"column":24}},{"start":{"line":18,"column":28},"end":{"line":18,"column":42}}],"line":18}},"s":{"0":0,"1":0,"2":0,"3":0,"4":0,"5":0,"6":0,"7":0,"8":0,"9":0},"f":{"0":0,"1":0,"2":0},"b":{"0":[0,0],"1":[0,0],"2":[0,0],"3":[0,0]}}
,"/workspace/MRA_frontend/groupproject/src/components/Card.jsx": {"path":"/workspace/MRA_frontend/groupproject/src/components/Card.jsx","statementMap":{"0":{"start":{"line":4,"column":19},"end":{"line":4,"column":33}},"1":{"start":{"line":6,"column":2},"end":{"line":22,"column":4}}},"fnMap":{"0":{"name":"Display","decl":{"start":{"line":3,"column":9},"end":{"line":3,"column":16}},"loc":{"start":{"line":3,"column":23},"end":{"line":23,"column":1}},"line":3}},"branchMap":{},"s":{"0":0,"1":0},"f":{"0":0},"b":{},"_coverageSchema":"1a1c01bbd47fc00a2c39e90264f33305004495a9","hash":"14737e834a845d44ace2d505f83c614d15e66504"}
,"/workspace/MRA_frontend/groupproject/src/components/CardList.jsx": {"path":"/workspace/MRA_frontend/groupproject/src/components/CardList.jsx","statementMap":{"0":{"start":{"line":5,"column":24},"end":{"line":5,"column":41}},"1":{"start":{"line":7,"column":16},"end":{"line":7,"column":18}},"2":{"start":{"line":8,"column":4},"end":{"line":14,"column":13}},"3":{"start":{"line":9,"column":8},"end":{"line":13,"column":10}},"4":{"start":{"line":10,"column":12},"end":{"line":12,"column":13}},"5":{"start":{"line":15,"column":4},"end":{"line":19,"column":6}}},"fnMap":{"0":{"name":"CardList","decl":{"start":{"line":4,"column":9},"end":{"line":4,"column":17}},"loc":{"start":{"line":4,"column":24},"end":{"line":20,"column":1}},"line":4},"1":{"name":"(anonymous_1)","decl":{"start":{"line":9,"column":30},"end":{"line":9,"column":31}},"loc":{"start":{"line":10,"column":12},"end":{"line":12,"column":13}},"line":10}},"branchMap":{"0":{"loc":{"start":{"line":8,"column":4},"end":{"line":14,"column":13}},"type":"if","locations":[{"start":{"line":8,"column":4},"end":{"line":14,"column":13}},{"start":{},"end":{}}],"line":8}},"s":{"0":2,"1":2,"2":2,"3":0,"4":0,"5":2},"f":{"0":2,"1":0},"b":{"0":[0,2]},"_coverageSchema":"1a1c01bbd47fc00a2c39e90264f33305004495a9","hash":"416b24594101229eb7abcfe157de9533e7a4ce21"}
,"/workspace/MRA_frontend/groupproject/src/components/Content.jsx": {"path":"/workspace/MRA_frontend/groupproject/src/components/Content.jsx","statementMap":{"0":{"start":{"line":9,"column":34},"end":{"line":9,"column":44}},"1":{"start":{"line":10,"column":21},"end":{"line":10,"column":33}},"2":{"start":{"line":12,"column":8},"end":{"line":17,"column":14}},"3":{"start":{"line":14,"column":16},"end":{"line":14,"column":41}},"4":{"start":{"line":16,"column":16},"end":{"line":16,"column":38}},"5":{"start":{"line":19,"column":4},"end":{"line":30,"column":5}}},"fnMap":{"0":{"name":"Content","decl":{"start":{"line":8,"column":9},"end":{"line":8,"column":16}},"loc":{"start":{"line":8,"column":18},"end":{"line":31,"column":1}},"line":8},"1":{"name":"fetchdata","decl":{"start":{"line":11,"column":13},"end":{"line":11,"column":22}},"loc":{"start":{"line":11,"column":24},"end":{"line":18,"column":5}},"line":11},"2":{"name":"(anonymous_2)","decl":{"start":{"line":13,"column":18},"end":{"line":13,"column":19}},"loc":{"start":{"line":13,"column":38},"end":{"line":15,"column":13}},"line":13},"3":{"name":"(anonymous_3)","decl":{"start":{"line":15,"column":21},"end":{"line":15,"column":22}},"loc":{"start":{"line":15,"column":38},"end":{"line":17,"column":13}},"line":15}},"branchMap":{},"s":{"0":4,"1":2,"2":0,"3":0,"4":0,"5":2},"f":{"0":4,"1":0,"2":0,"3":0},"b":{},"_coverageSchema":"1a1c01bbd47fc00a2c39e90264f33305004495a9","hash":"1d9922221c40b883fcdb64f05a64269b9784245d"}
,"/workspace/MRA_frontend/groupproject/src/components/DarkTheme.js": {"path":"/workspace/MRA_frontend/groupproject/src/components/DarkTheme.js","statementMap":{"0":{"start":{"line":4,"column":14},"end":{"line":4,"column":25}},"1":{"start":{"line":4,"column":20},"end":{"line":4,"column":25}}},"fnMap":{"0":{"name":"(anonymous_0)","decl":{"start":{"line":4,"column":14},"end":{"line":4,"column":15}},"loc":{"start":{"line":4,"column":20},"end":{"line":4,"column":25}},"line":4}},"branchMap":{},"s":{"0":0,"1":0},"f":{"0":0},"b":{}}
,"/workspace/MRA_frontend/groupproject/src/components/Footer.jsx": {"path":"/workspace/MRA_frontend/groupproject/src/components/Footer.jsx","statementMap":{"0":{"start":{"line":4,"column":24},"end":{"line":4,"column":96}},"1":{"start":{"line":5,"column":4},"end":{"line":13,"column":6}}},"fnMap":{"0":{"name":"Footer","decl":{"start":{"line":3,"column":9},"end":{"line":3,"column":15}},"loc":{"start":{"line":3,"column":18},"end":{"line":14,"column":1}},"line":3}},"branchMap":{},"s":{"0":1,"1":1},"f":{"0":1},"b":{},"_coverageSchema":"1a1c01bbd47fc00a2c39e90264f33305004495a9","hash":"346b719bb6d1780c34ffedd386bc0657c30b1929"}
,"/workspace/MRA_frontend/groupproject/src/components/LightTheme.js": {"path":"/workspace/MRA_frontend/groupproject/src/components/LightTheme.js","statementMap":{"0":{"start":{"line":4,"column":14},"end":{"line":4,"column":25}},"1":{"start":{"line":4,"column":20},"end":{"line":4,"column":25}}},"fnMap":{"0":{"name":"(anonymous_0)","decl":{"start":{"line":4,"column":14},"end":{"line":4,"column":15}},"loc":{"start":{"line":4,"column":20},"end":{"line":4,"column":25}},"line":4}},"branchMap":{},"s":{"0":0,"1":0},"f":{"0":0},"b":{}}
,"/workspace/MRA_frontend/groupproject/src/components/Top.jsx": {"path":"/workspace/MRA_frontend/groupproject/src/components/Top.jsx","statementMap":{"0":{"start":{"line":5,"column":2},"end":{"line":23,"column":3}},"1":{"start":{"line":19,"column":46},"end":{"line":19,"column":137}},"2":{"start":{"line":19,"column":138},"end":{"line":19,"column":163}}},"fnMap":{"0":{"name":"Header","decl":{"start":{"line":4,"column":9},"end":{"line":4,"column":15}},"loc":{"start":{"line":4,"column":18},"end":{"line":24,"column":1}},"line":4},"1":{"name":"(anonymous_1)","decl":{"start":{"line":19,"column":38},"end":{"line":19,"column":39}},"loc":{"start":{"line":19,"column":44},"end":{"line":19,"column":164}},"line":19}},"branchMap":{"0":{"loc":{"start":{"line":19,"column":76},"end":{"line":19,"column":135}},"type":"cond-expr","locations":[{"start":{"line":19,"column":119},"end":{"line":19,"column":126}},{"start":{"line":19,"column":129},"end":{"line":19,"column":135}}],"line":19}},"s":{"0":1,"1":0,"2":0},"f":{"0":1,"1":0},"b":{"0":[0,0]},"_coverageSchema":"1a1c01bbd47fc00a2c39e90264f33305004495a9","hash":"2a303c26709b4f1ec94c076e69aaaee8eb77c615"}
}
