TN:
SF:src/App.js
FN:6,App
FNF:1
FNH:1
FNDA:2,App
DA:7,2
DA:8,1
LF:2
LH:2
BRF:0
BRH:0
end_of_record
TN:
SF:src/index.js
FN:9,(anonymous_0)
FN:10,(anonymous_1)
FN:12,(anonymous_2)
FNF:3
FNH:0
FNDA:0,(anonymous_0)
FNDA:0,(anonymous_1)
FNDA:0,(anonymous_2)
DA:9,0
DA:10,0
DA:12,0
DA:13,0
DA:14,0
DA:15,0
DA:24,0
DA:25,0
LF:8
LH:0
BRDA:13,0,0,0
BRDA:13,0,1,0
BRDA:13,1,0,0
BRDA:13,1,1,0
BRDA:17,2,0,0
BRDA:17,2,1,0
BRDA:18,3,0,0
BRDA:18,3,1,0
BRF:8
BRH:0
end_of_record
TN:
SF:src/components/Card.jsx
FN:3,Display
FNF:1
FNH:0
FNDA:0,Display
DA:4,0
DA:6,0
LF:2
LH:0
BRF:0
BRH:0
end_of_record
TN:
SF:src/components/CardList.jsx
FN:4,CardList
FN:9,(anonymous_1)
FNF:2
FNH:1
FNDA:1,CardList
FNDA:0,(anonymous_1)
DA:5,1
DA:7,1
DA:8,1
DA:9,0
DA:10,0
DA:15,1
LF:6
LH:4
BRDA:8,0,0,0
BRDA:8,0,1,1
BRF:2
BRH:1
end_of_record
TN:
SF:src/components/Content.jsx
FN:8,Content
FN:11,fetchdata
FN:13,(anonymous_2)
FN:15,(anonymous_3)
FNF:4
FNH:1
FNDA:2,Content
FNDA:0,fetchdata
FNDA:0,(anonymous_2)
FNDA:0,(anonymous_3)
DA:9,2
DA:10,1
DA:12,0
DA:14,0
DA:16,0
DA:19,1
LF:6
LH:3
BRF:0
BRH:0
end_of_record
TN:
SF:src/components/DarkTheme.js
FN:4,(anonymous_0)
FNF:1
FNH:0
FNDA:0,(anonymous_0)
DA:4,0
LF:1
LH:0
BRF:0
BRH:0
end_of_record
TN:
SF:src/components/Footer.jsx
FN:2,Footer
FNF:1
FNH:1
FNDA:1,Footer
DA:3,1
LF:1
LH:1
BRF:0
BRH:0
end_of_record
TN:
SF:src/components/LightTheme.js
FN:4,(anonymous_0)
FNF:1
FNH:0
FNDA:0,(anonymous_0)
DA:4,0
LF:1
LH:0
BRF:0
BRH:0
end_of_record
TN:
SF:src/components/Top.jsx
FN:4,Header
FN:19,(anonymous_1)
FNF:2
FNH:1
FNDA:1,Header
FNDA:0,(anonymous_1)
DA:5,1
DA:19,0
LF:2
LH:1
BRDA:19,0,0,0
BRDA:19,0,1,0
BRF:2
BRH:0
end_of_record
